<?xml version="1.0" encoding="UTF-8"?>
<robot generator="Robot 4.1.3 (Python 3.9.7 on win32)" generated="20220223 04:38:43.130" rpa="false" schemaversion="2">
<suite id="s1" name="Sprint1" source="E:\Software Engineering Project\Mayan-EDMS\TEST\sprint1.robot">
<test id="s1-t1" name="Open Login">
<kw name="Open Browser" library="SeleniumLibrary">
<arg>http://localhost/</arg>
<arg>edge</arg>
<doc>Opens a new browser instance to the optional ``url``.</doc>
<msg timestamp="20220223 04:38:43.486" level="INFO">Opening browser 'edge' to base url 'http://localhost/'.</msg>
<status status="PASS" starttime="20220223 04:38:43.486" endtime="20220223 04:38:48.528"/>
</kw>
<status status="PASS" starttime="20220223 04:38:43.485" endtime="20220223 04:38:48.530"/>
</test>
<test id="s1-t2" name="Login as Stuff">
<kw name="Login as Stuff Username">
<kw name="Wait Until Element Is Visible" library="SeleniumLibrary">
<arg>id:id_username</arg>
<doc>Waits until the element ``locator`` is visible.</doc>
<status status="PASS" starttime="20220223 04:38:48.536" endtime="20220223 04:38:49.057"/>
</kw>
<kw name="Input Text" library="SeleniumLibrary">
<arg>id_username</arg>
<arg>${STUFF_ID}</arg>
<doc>Types the given ``text`` into the text field identified by ``locator``.</doc>
<msg timestamp="20220223 04:38:49.058" level="INFO">Typing text 'staff' into text field 'id_username'.</msg>
<status status="PASS" starttime="20220223 04:38:49.057" endtime="20220223 04:38:49.150"/>
</kw>
<kw name="Input Text" library="SeleniumLibrary">
<arg>id_password</arg>
<arg>${STUFF_PASS}</arg>
<doc>Types the given ``text`` into the text field identified by ``locator``.</doc>
<msg timestamp="20220223 04:38:49.151" level="INFO">Typing text 'pizzahud1150' into text field 'id_password'.</msg>
<status status="PASS" starttime="20220223 04:38:49.151" endtime="20220223 04:38:49.246"/>
</kw>
<kw name="Click Button" library="SeleniumLibrary">
<arg>class:btn-primary</arg>
<doc>Clicks the button identified by ``locator``.</doc>
<msg timestamp="20220223 04:38:49.246" level="INFO">Clicking button 'class:btn-primary'.</msg>
<status status="PASS" starttime="20220223 04:38:49.246" endtime="20220223 04:38:49.880"/>
</kw>
<status status="PASS" starttime="20220223 04:38:48.536" endtime="20220223 04:38:49.880"/>
</kw>
<kw name="Location Should Be" library="SeleniumLibrary">
<arg>http://localhost/#/home/</arg>
<doc>Verifies that the current URL is exactly ``url``.</doc>
<msg timestamp="20220223 04:38:49.893" level="INFO">Current location is 'http://localhost/#/home/'.</msg>
<status status="PASS" starttime="20220223 04:38:49.885" endtime="20220223 04:38:49.893"/>
</kw>
<kw name="Close Browser" library="SeleniumLibrary" type="TEARDOWN">
<doc>Closes the current browser.</doc>
<status status="PASS" starttime="20220223 04:38:49.894" endtime="20220223 04:38:52.372"/>
</kw>
<status status="PASS" starttime="20220223 04:38:48.535" endtime="20220223 04:38:52.373"/>
</test>
<test id="s1-t3" name="Login as Fail">
<kw name="Open Browser" library="SeleniumLibrary">
<arg>http://localhost/</arg>
<arg>edge</arg>
<doc>Opens a new browser instance to the optional ``url``.</doc>
<msg timestamp="20220223 04:38:52.375" level="INFO">Opening browser 'edge' to base url 'http://localhost/'.</msg>
<status status="PASS" starttime="20220223 04:38:52.375" endtime="20220223 04:38:55.927"/>
</kw>
<kw name="Wait Until Element Is Visible" library="SeleniumLibrary">
<arg>id:id_username</arg>
<doc>Waits until the element ``locator`` is visible.</doc>
<status status="PASS" starttime="20220223 04:38:55.928" endtime="20220223 04:38:56.378"/>
</kw>
<kw name="Input Text" library="SeleniumLibrary">
<arg>id:id_username</arg>
<arg>fail</arg>
<doc>Types the given ``text`` into the text field identified by ``locator``.</doc>
<msg timestamp="20220223 04:38:56.379" level="INFO">Typing text 'fail' into text field 'id:id_username'.</msg>
<status status="PASS" starttime="20220223 04:38:56.378" endtime="20220223 04:38:56.484"/>
</kw>
<kw name="Input Text" library="SeleniumLibrary">
<arg>id:id_password</arg>
<arg>fail</arg>
<doc>Types the given ``text`` into the text field identified by ``locator``.</doc>
<msg timestamp="20220223 04:38:56.484" level="INFO">Typing text 'fail' into text field 'id:id_password'.</msg>
<status status="PASS" starttime="20220223 04:38:56.484" endtime="20220223 04:38:56.569"/>
</kw>
<kw name="Click Button" library="SeleniumLibrary">
<arg>class:btn-primary</arg>
<doc>Clicks the button identified by ``locator``.</doc>
<msg timestamp="20220223 04:38:56.570" level="INFO">Clicking button 'class:btn-primary'.</msg>
<status status="PASS" starttime="20220223 04:38:56.569" endtime="20220223 04:38:56.857"/>
</kw>
<kw name="Location Should Be" library="SeleniumLibrary">
<arg>http://localhost/authentication/login/</arg>
<doc>Verifies that the current URL is exactly ``url``.</doc>
<msg timestamp="20220223 04:38:56.874" level="INFO">Current location is 'http://localhost/authentication/login/'.</msg>
<status status="PASS" starttime="20220223 04:38:56.858" endtime="20220223 04:38:56.874"/>
</kw>
<kw name="Element Text Should Be" library="SeleniumLibrary">
<arg>xpath://div[@class="alert alert-danger"]</arg>
<arg>Please enter a correct Username and password. Note that both fields may be case-sensitive.</arg>
<doc>Verifies that element ``locator`` contains exact the text ``expected``.</doc>
<msg timestamp="20220223 04:38:56.876" level="INFO">Verifying element 'xpath://div[@class="alert alert-danger"]' contains exact text 'Please enter a correct Username and password. Note that both fields may be case-sensitive.'.</msg>
<status status="PASS" starttime="20220223 04:38:56.875" endtime="20220223 04:38:56.943"/>
</kw>
<kw name="Close Browser" library="SeleniumLibrary" type="TEARDOWN">
<doc>Closes the current browser.</doc>
<status status="PASS" starttime="20220223 04:38:56.943" endtime="20220223 04:38:59.369"/>
</kw>
<status status="PASS" starttime="20220223 04:38:52.375" endtime="20220223 04:38:59.370"/>
</test>
<test id="s1-t4" name="Click Document">
<kw name="Open Browser" library="SeleniumLibrary">
<arg>http://localhost/</arg>
<arg>edge</arg>
<doc>Opens a new browser instance to the optional ``url``.</doc>
<msg timestamp="20220223 04:38:59.372" level="INFO">Opening browser 'edge' to base url 'http://localhost/'.</msg>
<status status="PASS" starttime="20220223 04:38:59.372" endtime="20220223 04:39:02.617"/>
</kw>
<kw name="Login as Stuff Username">
<kw name="Wait Until Element Is Visible" library="SeleniumLibrary">
<arg>id:id_username</arg>
<doc>Waits until the element ``locator`` is visible.</doc>
<status status="PASS" starttime="20220223 04:39:02.619" endtime="20220223 04:39:03.244"/>
</kw>
<kw name="Input Text" library="SeleniumLibrary">
<arg>id_username</arg>
<arg>${STUFF_ID}</arg>
<doc>Types the given ``text`` into the text field identified by ``locator``.</doc>
<msg timestamp="20220223 04:39:03.245" level="INFO">Typing text 'staff' into text field 'id_username'.</msg>
<status status="PASS" starttime="20220223 04:39:03.244" endtime="20220223 04:39:03.346"/>
</kw>
<kw name="Input Text" library="SeleniumLibrary">
<arg>id_password</arg>
<arg>${STUFF_PASS}</arg>
<doc>Types the given ``text`` into the text field identified by ``locator``.</doc>
<msg timestamp="20220223 04:39:03.346" level="INFO">Typing text 'pizzahud1150' into text field 'id_password'.</msg>
<status status="PASS" starttime="20220223 04:39:03.346" endtime="20220223 04:39:03.461"/>
</kw>
<kw name="Click Button" library="SeleniumLibrary">
<arg>class:btn-primary</arg>
<doc>Clicks the button identified by ``locator``.</doc>
<msg timestamp="20220223 04:39:03.462" level="INFO">Clicking button 'class:btn-primary'.</msg>
<status status="PASS" starttime="20220223 04:39:03.461" endtime="20220223 04:39:04.240"/>
</kw>
<status status="PASS" starttime="20220223 04:39:02.619" endtime="20220223 04:39:04.241"/>
</kw>
<kw name="Wait Until Element Is Visible" library="SeleniumLibrary">
<arg>xpath://a[@aria-controls="collapse-documents"]</arg>
<doc>Waits until the element ``locator`` is visible.</doc>
<status status="PASS" starttime="20220223 04:39:04.242" endtime="20220223 04:39:04.303"/>
</kw>
<kw name="Double Click Element" library="SeleniumLibrary">
<arg>xpath://a[@aria-controls="collapse-documents"]</arg>
<doc>Double clicks the element identified by ``locator``.</doc>
<msg timestamp="20220223 04:39:04.304" level="INFO">Double clicking element 'xpath://a[@aria-controls="collapse-documents"]'.</msg>
<status status="PASS" starttime="20220223 04:39:04.304" endtime="20220223 04:39:04.720"/>
</kw>
<kw name="Wait Until Element Is Visible" library="SeleniumLibrary">
<arg>xpath://a[@href="/documents/documents/"]</arg>
<doc>Waits until the element ``locator`` is visible.</doc>
<status status="PASS" starttime="20220223 04:39:04.721" endtime="20220223 04:39:04.791"/>
</kw>
<kw name="Double Click Element" library="SeleniumLibrary">
<arg>xpath://a[@href="/documents/documents/"]</arg>
<doc>Double clicks the element identified by ``locator``.</doc>
<msg timestamp="20220223 04:39:04.792" level="INFO">Double clicking element 'xpath://a[@href="/documents/documents/"]'.</msg>
<status status="PASS" starttime="20220223 04:39:04.791" endtime="20220223 04:39:05.156"/>
</kw>
<kw name="Element Should Be Visible" library="SeleniumLibrary">
<arg>content-title</arg>
<doc>Verifies that the element identified by ``locator`` is visible.</doc>
<msg timestamp="20220223 04:39:05.191" level="INFO">Element 'content-title' is displayed.</msg>
<status status="PASS" starttime="20220223 04:39:05.156" endtime="20220223 04:39:05.191"/>
</kw>
<kw name="Close Browser" library="SeleniumLibrary" type="TEARDOWN">
<doc>Closes the current browser.</doc>
<status status="PASS" starttime="20220223 04:39:05.193" endtime="20220223 04:39:07.611"/>
</kw>
<status status="PASS" starttime="20220223 04:38:59.371" endtime="20220223 04:39:07.611"/>
</test>
<test id="s1-t5" name="All Document Page">
<kw name="Open Browser" library="SeleniumLibrary">
<arg>http://localhost/#/documents/documents/</arg>
<arg>edge</arg>
<doc>Opens a new browser instance to the optional ``url``.</doc>
<msg timestamp="20220223 04:39:07.613" level="INFO">Opening browser 'edge' to base url 'http://localhost/#/documents/documents/'.</msg>
<status status="PASS" starttime="20220223 04:39:07.613" endtime="20220223 04:39:10.702"/>
</kw>
<kw name="Login as Stuff Username">
<kw name="Wait Until Element Is Visible" library="SeleniumLibrary">
<arg>id:id_username</arg>
<doc>Waits until the element ``locator`` is visible.</doc>
<status status="PASS" starttime="20220223 04:39:10.704" endtime="20220223 04:39:11.141"/>
</kw>
<kw name="Input Text" library="SeleniumLibrary">
<arg>id_username</arg>
<arg>${STUFF_ID}</arg>
<doc>Types the given ``text`` into the text field identified by ``locator``.</doc>
<msg timestamp="20220223 04:39:11.143" level="INFO">Typing text 'staff' into text field 'id_username'.</msg>
<status status="PASS" starttime="20220223 04:39:11.142" endtime="20220223 04:39:11.211"/>
</kw>
<kw name="Input Text" library="SeleniumLibrary">
<arg>id_password</arg>
<arg>${STUFF_PASS}</arg>
<doc>Types the given ``text`` into the text field identified by ``locator``.</doc>
<msg timestamp="20220223 04:39:11.212" level="INFO">Typing text 'pizzahud1150' into text field 'id_password'.</msg>
<status status="PASS" starttime="20220223 04:39:11.211" endtime="20220223 04:39:11.290"/>
</kw>
<kw name="Click Button" library="SeleniumLibrary">
<arg>class:btn-primary</arg>
<doc>Clicks the button identified by ``locator``.</doc>
<msg timestamp="20220223 04:39:11.291" level="INFO">Clicking button 'class:btn-primary'.</msg>
<status status="PASS" starttime="20220223 04:39:11.290" endtime="20220223 04:39:12.505"/>
</kw>
<status status="PASS" starttime="20220223 04:39:10.703" endtime="20220223 04:39:12.508"/>
</kw>
<kw name="Wait Until Element Is Visible" library="SeleniumLibrary">
<arg>content-title</arg>
<doc>Waits until the element ``locator`` is visible.</doc>
<status status="PASS" starttime="20220223 04:39:12.510" endtime="20220223 04:39:12.986"/>
</kw>
<kw name="Element Text Should Be" library="SeleniumLibrary">
<arg>content-title</arg>
<arg>All documents</arg>
<doc>Verifies that element ``locator`` contains exact the text ``expected``.</doc>
<msg timestamp="20220223 04:39:12.987" level="INFO">Verifying element 'content-title' contains exact text 'All documents'.</msg>
<status status="PASS" starttime="20220223 04:39:12.987" endtime="20220223 04:39:13.006"/>
</kw>
<kw name="Close Browser" library="SeleniumLibrary" type="TEARDOWN">
<doc>Closes the current browser.</doc>
<status status="PASS" starttime="20220223 04:39:13.006" endtime="20220223 04:39:15.267"/>
</kw>
<status status="PASS" starttime="20220223 04:39:07.613" endtime="20220223 04:39:15.267"/>
</test>
<test id="s1-t6" name="All Document Page Complete Tag">
<kw name="Open Browser" library="SeleniumLibrary">
<arg>http://localhost/#/tags/documents/2/tags/</arg>
<arg>edge</arg>
<doc>Opens a new browser instance to the optional ``url``.</doc>
<msg timestamp="20220223 04:39:15.270" level="INFO">Opening browser 'edge' to base url 'http://localhost/#/tags/documents/2/tags/'.</msg>
<status status="PASS" starttime="20220223 04:39:15.269" endtime="20220223 04:39:17.721"/>
</kw>
<kw name="Login as Stuff Username">
<kw name="Wait Until Element Is Visible" library="SeleniumLibrary">
<arg>id:id_username</arg>
<doc>Waits until the element ``locator`` is visible.</doc>
<status status="PASS" starttime="20220223 04:39:17.722" endtime="20220223 04:39:17.959"/>
</kw>
<kw name="Input Text" library="SeleniumLibrary">
<arg>id_username</arg>
<arg>${STUFF_ID}</arg>
<doc>Types the given ``text`` into the text field identified by ``locator``.</doc>
<msg timestamp="20220223 04:39:17.959" level="INFO">Typing text 'staff' into text field 'id_username'.</msg>
<status status="PASS" starttime="20220223 04:39:17.959" endtime="20220223 04:39:18.048"/>
</kw>
<kw name="Input Text" library="SeleniumLibrary">
<arg>id_password</arg>
<arg>${STUFF_PASS}</arg>
<doc>Types the given ``text`` into the text field identified by ``locator``.</doc>
<msg timestamp="20220223 04:39:18.049" level="INFO">Typing text 'pizzahud1150' into text field 'id_password'.</msg>
<status status="PASS" starttime="20220223 04:39:18.049" endtime="20220223 04:39:18.175"/>
</kw>
<kw name="Click Button" library="SeleniumLibrary">
<arg>class:btn-primary</arg>
<doc>Clicks the button identified by ``locator``.</doc>
<msg timestamp="20220223 04:39:18.176" level="INFO">Clicking button 'class:btn-primary'.</msg>
<status status="PASS" starttime="20220223 04:39:18.175" endtime="20220223 04:39:19.016"/>
</kw>
<status status="PASS" starttime="20220223 04:39:17.722" endtime="20220223 04:39:19.017"/>
</kw>
<kw name="Wait Until Element Is Visible" library="SeleniumLibrary">
<arg>class:label-tag</arg>
<doc>Waits until the element ``locator`` is visible.</doc>
<status status="PASS" starttime="20220223 04:39:19.018" endtime="20220223 04:39:19.491"/>
</kw>
<kw name="Element Text Should Be" library="SeleniumLibrary">
<arg>class:label-tag</arg>
<arg>เอกสารครบ</arg>
<doc>Verifies that element ``locator`` contains exact the text ``expected``.</doc>
<msg timestamp="20220223 04:39:19.493" level="INFO">Verifying element 'class:label-tag' contains exact text 'เอกสารครบ'.</msg>
<status status="PASS" starttime="20220223 04:39:19.492" endtime="20220223 04:39:19.520"/>
</kw>
<kw name="Close Browser" library="SeleniumLibrary" type="TEARDOWN">
<doc>Closes the current browser.</doc>
<status status="PASS" starttime="20220223 04:39:19.521" endtime="20220223 04:39:21.807"/>
</kw>
<status status="PASS" starttime="20220223 04:39:15.269" endtime="20220223 04:39:21.808"/>
</test>
<test id="s1-t7" name="All Document Page Inomplete Tag">
<kw name="Open Browser" library="SeleniumLibrary">
<arg>http://localhost/#/tags/documents/1/tags/</arg>
<arg>edge</arg>
<doc>Opens a new browser instance to the optional ``url``.</doc>
<msg timestamp="20220223 04:39:21.810" level="INFO">Opening browser 'edge' to base url 'http://localhost/#/tags/documents/1/tags/'.</msg>
<status status="PASS" starttime="20220223 04:39:21.810" endtime="20220223 04:39:24.261"/>
</kw>
<kw name="Login as Stuff Username">
<kw name="Wait Until Element Is Visible" library="SeleniumLibrary">
<arg>id:id_username</arg>
<doc>Waits until the element ``locator`` is visible.</doc>
<status status="PASS" starttime="20220223 04:39:24.265" endtime="20220223 04:39:24.526"/>
</kw>
<kw name="Input Text" library="SeleniumLibrary">
<arg>id_username</arg>
<arg>${STUFF_ID}</arg>
<doc>Types the given ``text`` into the text field identified by ``locator``.</doc>
<msg timestamp="20220223 04:39:24.527" level="INFO">Typing text 'staff' into text field 'id_username'.</msg>
<status status="PASS" starttime="20220223 04:39:24.526" endtime="20220223 04:39:24.649"/>
</kw>
<kw name="Input Text" library="SeleniumLibrary">
<arg>id_password</arg>
<arg>${STUFF_PASS}</arg>
<doc>Types the given ``text`` into the text field identified by ``locator``.</doc>
<msg timestamp="20220223 04:39:24.649" level="INFO">Typing text 'pizzahud1150' into text field 'id_password'.</msg>
<status status="PASS" starttime="20220223 04:39:24.649" endtime="20220223 04:39:24.748"/>
</kw>
<kw name="Click Button" library="SeleniumLibrary">
<arg>class:btn-primary</arg>
<doc>Clicks the button identified by ``locator``.</doc>
<msg timestamp="20220223 04:39:24.749" level="INFO">Clicking button 'class:btn-primary'.</msg>
<status status="PASS" starttime="20220223 04:39:24.748" endtime="20220223 04:39:25.748"/>
</kw>
<status status="PASS" starttime="20220223 04:39:24.262" endtime="20220223 04:39:25.748"/>
</kw>
<kw name="Wait Until Element Is Visible" library="SeleniumLibrary">
<arg>class:label-tag</arg>
<doc>Waits until the element ``locator`` is visible.</doc>
<status status="PASS" starttime="20220223 04:39:25.750" endtime="20220223 04:39:26.261"/>
</kw>
<kw name="Element Text Should Be" library="SeleniumLibrary">
<arg>class:label-tag</arg>
<arg>เอกสารไม่ครบ</arg>
<doc>Verifies that element ``locator`` contains exact the text ``expected``.</doc>
<msg timestamp="20220223 04:39:26.263" level="INFO">Verifying element 'class:label-tag' contains exact text 'เอกสารไม่ครบ'.</msg>
<status status="PASS" starttime="20220223 04:39:26.262" endtime="20220223 04:39:26.286"/>
</kw>
<kw name="Close Browser" library="SeleniumLibrary" type="TEARDOWN">
<doc>Closes the current browser.</doc>
<status status="PASS" starttime="20220223 04:39:26.286" endtime="20220223 04:39:28.549"/>
</kw>
<status status="PASS" starttime="20220223 04:39:21.809" endtime="20220223 04:39:28.549"/>
</test>
<status status="PASS" starttime="20220223 04:38:43.133" endtime="20220223 04:39:28.553"/>
</suite>
<statistics>
<total>
<stat pass="7" fail="0" skip="0">All Tests</stat>
</total>
<tag>
</tag>
<suite>
<stat pass="7" fail="0" skip="0" id="s1" name="Sprint1">Sprint1</stat>
</suite>
</statistics>
<errors>
</errors>
</robot>
