<?xml version="1.0" encoding="UTF-8"?>
<robot generator="Robot 4.1.3 (Python 3.9.7 on win32)" generated="20220223 12:51:55.369" rpa="false" schemaversion="2">
<suite id="s1" name="Sprint1" source="E:\Software Engineering Project\Mayan-EDMS\TEST\sprint1.robot">
<test id="s1-t1" name="Open Login">
<kw name="Open Browser" library="SeleniumLibrary">
<arg>http://localhost/</arg>
<arg>edge</arg>
<doc>Opens a new browser instance to the optional ``url``.</doc>
<msg timestamp="20220223 12:51:55.637" level="INFO">Opening browser 'edge' to base url 'http://localhost/'.</msg>
<status status="PASS" starttime="20220223 12:51:55.637" endtime="20220223 12:51:57.942"/>
</kw>
<status status="PASS" starttime="20220223 12:51:55.636" endtime="20220223 12:51:57.947"/>
</test>
<test id="s1-t2" name="Login as Stuff">
<kw name="Login as Stuff Username">
<kw name="Wait Until Element Is Visible" library="SeleniumLibrary">
<arg>id:id_username</arg>
<doc>Waits until the element ``locator`` is visible.</doc>
<status status="PASS" starttime="20220223 12:51:57.952" endtime="20220223 12:51:58.391"/>
</kw>
<kw name="Input Text" library="SeleniumLibrary">
<arg>id_username</arg>
<arg>${STUFF_ID}</arg>
<doc>Types the given ``text`` into the text field identified by ``locator``.</doc>
<msg timestamp="20220223 12:51:58.392" level="INFO">Typing text 'staff' into text field 'id_username'.</msg>
<status status="PASS" starttime="20220223 12:51:58.391" endtime="20220223 12:51:58.455"/>
</kw>
<kw name="Input Text" library="SeleniumLibrary">
<arg>id_password</arg>
<arg>${STUFF_PASS}</arg>
<doc>Types the given ``text`` into the text field identified by ``locator``.</doc>
<msg timestamp="20220223 12:51:58.456" level="INFO">Typing text 'pizzahud1150' into text field 'id_password'.</msg>
<status status="PASS" starttime="20220223 12:51:58.456" endtime="20220223 12:51:58.543"/>
</kw>
<kw name="Click Button" library="SeleniumLibrary">
<arg>class:btn-primary</arg>
<doc>Clicks the button identified by ``locator``.</doc>
<msg timestamp="20220223 12:51:58.544" level="INFO">Clicking button 'class:btn-primary'.</msg>
<status status="PASS" starttime="20220223 12:51:58.543" endtime="20220223 12:51:59.307"/>
</kw>
<status status="PASS" starttime="20220223 12:51:57.952" endtime="20220223 12:51:59.307"/>
</kw>
<kw name="Location Should Be" library="SeleniumLibrary">
<arg>http://localhost/#/home/</arg>
<doc>Verifies that the current URL is exactly ``url``.</doc>
<msg timestamp="20220223 12:51:59.315" level="INFO">Current location is 'http://localhost/#/home/'.</msg>
<status status="PASS" starttime="20220223 12:51:59.308" endtime="20220223 12:51:59.315"/>
</kw>
<kw name="Close Browser" library="SeleniumLibrary" type="TEARDOWN">
<doc>Closes the current browser.</doc>
<status status="PASS" starttime="20220223 12:51:59.316" endtime="20220223 12:52:01.546"/>
</kw>
<status status="PASS" starttime="20220223 12:51:57.951" endtime="20220223 12:52:01.547"/>
</test>
<test id="s1-t3" name="Login as Fail">
<kw name="Open Browser" library="SeleniumLibrary">
<arg>http://localhost/</arg>
<arg>edge</arg>
<doc>Opens a new browser instance to the optional ``url``.</doc>
<msg timestamp="20220223 12:52:01.549" level="INFO">Opening browser 'edge' to base url 'http://localhost/'.</msg>
<status status="PASS" starttime="20220223 12:52:01.549" endtime="20220223 12:52:03.424"/>
</kw>
<kw name="Wait Until Element Is Visible" library="SeleniumLibrary">
<arg>id:id_username</arg>
<doc>Waits until the element ``locator`` is visible.</doc>
<status status="PASS" starttime="20220223 12:52:03.425" endtime="20220223 12:52:03.746"/>
</kw>
<kw name="Input Text" library="SeleniumLibrary">
<arg>id:id_username</arg>
<arg>fail</arg>
<doc>Types the given ``text`` into the text field identified by ``locator``.</doc>
<msg timestamp="20220223 12:52:03.746" level="INFO">Typing text 'fail' into text field 'id:id_username'.</msg>
<status status="PASS" starttime="20220223 12:52:03.746" endtime="20220223 12:52:03.798"/>
</kw>
<kw name="Input Text" library="SeleniumLibrary">
<arg>id:id_password</arg>
<arg>fail</arg>
<doc>Types the given ``text`` into the text field identified by ``locator``.</doc>
<msg timestamp="20220223 12:52:03.799" level="INFO">Typing text 'fail' into text field 'id:id_password'.</msg>
<status status="PASS" starttime="20220223 12:52:03.799" endtime="20220223 12:52:03.874"/>
</kw>
<kw name="Click Button" library="SeleniumLibrary">
<arg>class:btn-primary</arg>
<doc>Clicks the button identified by ``locator``.</doc>
<msg timestamp="20220223 12:52:03.875" level="INFO">Clicking button 'class:btn-primary'.</msg>
<status status="PASS" starttime="20220223 12:52:03.874" endtime="20220223 12:52:04.083"/>
</kw>
<kw name="Location Should Be" library="SeleniumLibrary">
<arg>http://localhost/authentication/login/</arg>
<doc>Verifies that the current URL is exactly ``url``.</doc>
<msg timestamp="20220223 12:52:04.097" level="INFO">Current location is 'http://localhost/authentication/login/'.</msg>
<status status="PASS" starttime="20220223 12:52:04.084" endtime="20220223 12:52:04.097"/>
</kw>
<kw name="Element Text Should Be" library="SeleniumLibrary">
<arg>xpath://div[@class="alert alert-danger"]</arg>
<arg>Please enter a correct Username and password. Note that both fields may be case-sensitive.</arg>
<doc>Verifies that element ``locator`` contains exact the text ``expected``.</doc>
<msg timestamp="20220223 12:52:04.098" level="INFO">Verifying element 'xpath://div[@class="alert alert-danger"]' contains exact text 'Please enter a correct Username and password. Note that both fields may be case-sensitive.'.</msg>
<status status="PASS" starttime="20220223 12:52:04.098" endtime="20220223 12:52:04.131"/>
</kw>
<kw name="Close Browser" library="SeleniumLibrary" type="TEARDOWN">
<doc>Closes the current browser.</doc>
<status status="PASS" starttime="20220223 12:52:04.131" endtime="20220223 12:52:06.310"/>
</kw>
<status status="PASS" starttime="20220223 12:52:01.548" endtime="20220223 12:52:06.311"/>
</test>
<test id="s1-t4" name="Click Document">
<kw name="Open Browser" library="SeleniumLibrary">
<arg>http://localhost/</arg>
<arg>edge</arg>
<doc>Opens a new browser instance to the optional ``url``.</doc>
<msg timestamp="20220223 12:52:06.313" level="INFO">Opening browser 'edge' to base url 'http://localhost/'.</msg>
<status status="PASS" starttime="20220223 12:52:06.313" endtime="20220223 12:52:08.158"/>
</kw>
<kw name="Login as Stuff Username">
<kw name="Wait Until Element Is Visible" library="SeleniumLibrary">
<arg>id:id_username</arg>
<doc>Waits until the element ``locator`` is visible.</doc>
<status status="PASS" starttime="20220223 12:52:08.159" endtime="20220223 12:52:08.406"/>
</kw>
<kw name="Input Text" library="SeleniumLibrary">
<arg>id_username</arg>
<arg>${STUFF_ID}</arg>
<doc>Types the given ``text`` into the text field identified by ``locator``.</doc>
<msg timestamp="20220223 12:52:08.406" level="INFO">Typing text 'staff' into text field 'id_username'.</msg>
<status status="PASS" starttime="20220223 12:52:08.406" endtime="20220223 12:52:08.459"/>
</kw>
<kw name="Input Text" library="SeleniumLibrary">
<arg>id_password</arg>
<arg>${STUFF_PASS}</arg>
<doc>Types the given ``text`` into the text field identified by ``locator``.</doc>
<msg timestamp="20220223 12:52:08.460" level="INFO">Typing text 'pizzahud1150' into text field 'id_password'.</msg>
<status status="PASS" starttime="20220223 12:52:08.459" endtime="20220223 12:52:08.536"/>
</kw>
<kw name="Click Button" library="SeleniumLibrary">
<arg>class:btn-primary</arg>
<doc>Clicks the button identified by ``locator``.</doc>
<msg timestamp="20220223 12:52:08.536" level="INFO">Clicking button 'class:btn-primary'.</msg>
<status status="PASS" starttime="20220223 12:52:08.536" endtime="20220223 12:52:09.041"/>
</kw>
<status status="PASS" starttime="20220223 12:52:08.159" endtime="20220223 12:52:09.042"/>
</kw>
<kw name="Wait Until Element Is Visible" library="SeleniumLibrary">
<arg>xpath://a[@aria-controls="collapse-documents"]</arg>
<doc>Waits until the element ``locator`` is visible.</doc>
<status status="PASS" starttime="20220223 12:52:09.043" endtime="20220223 12:52:09.074"/>
</kw>
<kw name="Double Click Element" library="SeleniumLibrary">
<arg>xpath://a[@aria-controls="collapse-documents"]</arg>
<doc>Double clicks the element identified by ``locator``.</doc>
<msg timestamp="20220223 12:52:09.075" level="INFO">Double clicking element 'xpath://a[@aria-controls="collapse-documents"]'.</msg>
<status status="PASS" starttime="20220223 12:52:09.074" endtime="20220223 12:52:09.366"/>
</kw>
<kw name="Wait Until Element Is Visible" library="SeleniumLibrary">
<arg>xpath://a[@href="/documents/documents/"]</arg>
<doc>Waits until the element ``locator`` is visible.</doc>
<status status="PASS" starttime="20220223 12:52:09.367" endtime="20220223 12:52:09.625"/>
</kw>
<kw name="Double Click Element" library="SeleniumLibrary">
<arg>xpath://a[@href="/documents/documents/"]</arg>
<doc>Double clicks the element identified by ``locator``.</doc>
<msg timestamp="20220223 12:52:09.626" level="INFO">Double clicking element 'xpath://a[@href="/documents/documents/"]'.</msg>
<status status="PASS" starttime="20220223 12:52:09.626" endtime="20220223 12:52:09.932"/>
</kw>
<kw name="Element Should Be Visible" library="SeleniumLibrary">
<arg>content-title</arg>
<doc>Verifies that the element identified by ``locator`` is visible.</doc>
<msg timestamp="20220223 12:52:09.953" level="INFO">Element 'content-title' is displayed.</msg>
<status status="PASS" starttime="20220223 12:52:09.932" endtime="20220223 12:52:09.953"/>
</kw>
<kw name="Close Browser" library="SeleniumLibrary" type="TEARDOWN">
<doc>Closes the current browser.</doc>
<status status="PASS" starttime="20220223 12:52:09.954" endtime="20220223 12:52:12.150"/>
</kw>
<status status="PASS" starttime="20220223 12:52:06.312" endtime="20220223 12:52:12.151"/>
</test>
<test id="s1-t5" name="All Document Page">
<kw name="Open Browser" library="SeleniumLibrary">
<arg>http://localhost/#/documents/documents/</arg>
<arg>edge</arg>
<doc>Opens a new browser instance to the optional ``url``.</doc>
<msg timestamp="20220223 12:52:12.154" level="INFO">Opening browser 'edge' to base url 'http://localhost/#/documents/documents/'.</msg>
<status status="PASS" starttime="20220223 12:52:12.153" endtime="20220223 12:52:13.960"/>
</kw>
<kw name="Login as Stuff Username">
<kw name="Wait Until Element Is Visible" library="SeleniumLibrary">
<arg>id:id_username</arg>
<doc>Waits until the element ``locator`` is visible.</doc>
<status status="PASS" starttime="20220223 12:52:13.961" endtime="20220223 12:52:14.199"/>
</kw>
<kw name="Input Text" library="SeleniumLibrary">
<arg>id_username</arg>
<arg>${STUFF_ID}</arg>
<doc>Types the given ``text`` into the text field identified by ``locator``.</doc>
<msg timestamp="20220223 12:52:14.200" level="INFO">Typing text 'staff' into text field 'id_username'.</msg>
<status status="PASS" starttime="20220223 12:52:14.199" endtime="20220223 12:52:14.266"/>
</kw>
<kw name="Input Text" library="SeleniumLibrary">
<arg>id_password</arg>
<arg>${STUFF_PASS}</arg>
<doc>Types the given ``text`` into the text field identified by ``locator``.</doc>
<msg timestamp="20220223 12:52:14.267" level="INFO">Typing text 'pizzahud1150' into text field 'id_password'.</msg>
<status status="PASS" starttime="20220223 12:52:14.266" endtime="20220223 12:52:14.344"/>
</kw>
<kw name="Click Button" library="SeleniumLibrary">
<arg>class:btn-primary</arg>
<doc>Clicks the button identified by ``locator``.</doc>
<msg timestamp="20220223 12:52:14.344" level="INFO">Clicking button 'class:btn-primary'.</msg>
<status status="PASS" starttime="20220223 12:52:14.344" endtime="20220223 12:52:15.007"/>
</kw>
<status status="PASS" starttime="20220223 12:52:13.961" endtime="20220223 12:52:15.008"/>
</kw>
<kw name="Wait Until Element Is Visible" library="SeleniumLibrary">
<arg>content-title</arg>
<doc>Waits until the element ``locator`` is visible.</doc>
<status status="PASS" starttime="20220223 12:52:15.009" endtime="20220223 12:52:15.318"/>
</kw>
<kw name="Element Text Should Be" library="SeleniumLibrary">
<arg>content-title</arg>
<arg>All documents</arg>
<doc>Verifies that element ``locator`` contains exact the text ``expected``.</doc>
<msg timestamp="20220223 12:52:15.320" level="INFO">Verifying element 'content-title' contains exact text 'All documents'.</msg>
<status status="PASS" starttime="20220223 12:52:15.319" endtime="20220223 12:52:15.352"/>
</kw>
<kw name="Close Browser" library="SeleniumLibrary" type="TEARDOWN">
<doc>Closes the current browser.</doc>
<status status="PASS" starttime="20220223 12:52:15.353" endtime="20220223 12:52:17.562"/>
</kw>
<status status="PASS" starttime="20220223 12:52:12.153" endtime="20220223 12:52:17.563"/>
</test>
<status status="PASS" starttime="20220223 12:51:55.371" endtime="20220223 12:52:17.565"/>
</suite>
<statistics>
<total>
<stat pass="5" fail="0" skip="0">All Tests</stat>
</total>
<tag>
</tag>
<suite>
<stat pass="5" fail="0" skip="0" id="s1" name="Sprint1">Sprint1</stat>
</suite>
</statistics>
<errors>
</errors>
</robot>
